#
# There is insufficient memory for the Java Runtime Environment to continue.
# Native memory allocation (mmap) failed to map 184549376 bytes for G1 virtual space
# Possible reasons:
#   The system is out of physical RAM or swap space
#   The process is running with CompressedOops enabled, and the Java Heap may be blocking the growth of the native heap
# Possible solutions:
#   Reduce memory load on the system
#   Increase physical memory or swap space
#   Check if swap backing store is full
#   Decrease Java heap size (-Xmx/-Xms)
#   Decrease number of Java threads
#   Decrease Java thread stack sizes (-Xss)
#   Set larger code cache with -XX:ReservedCodeCacheSize=
#   JVM is running with Zero Based Compressed Oops mode in which the Java heap is
#     placed in the first 32GB address space. The Java Heap base address is the
#     maximum limit for the native heap growth. Please use -XX:HeapBaseMinAddress
#     to set the Java Heap base and to place the Java Heap above 32GB virtual address.
# This output file may be truncated or incomplete.
#
#  Out of Memory Error (os_windows.cpp:3548), pid=14880, tid=31620
#
# JRE version:  (17.0.5+8) (build )
# Java VM: OpenJDK 64-Bit Server VM (17.0.5+8, mixed mode, sharing, tiered, compressed oops, compressed class ptrs, g1 gc, windows-amd64)
# No core dump will be written. Minidumps are not enabled by default on client versions of Windows
#

---------------  S U M M A R Y ------------

Command Line: -Dfile.encoding=UTF-8 -XX:+ShowCodeDetailsInExceptionMessages NiamAdivina

Host: AMD Ryzen 5 2500U with Radeon Vega Mobile Gfx  , 8 cores, 10G,  Windows 10 , 64 bit Build 19041 (10.0.19041.2546)
Time: Wed Mar  8 21:13:55 2023 Central Standard Time (Mexico) elapsed time: 0.028064 seconds (0d 0h 0m 0s)

---------------  T H R E A D  ---------------

Current thread (0x00000240dc90abd0):  JavaThread "Unknown thread" [_thread_in_vm, id=31620, stack(0x0000006db2700000,0x0000006db2800000)]

Stack: [0x0000006db2700000,0x0000006db2800000]
Native frames: (J=compiled Java code, j=interpreted, Vv=VM code, C=native code)
V  [jvm.dll+0x676b3a]
V  [jvm.dll+0x831444]
V  [jvm.dll+0x832bee]
V  [jvm.dll+0x833253]
V  [jvm.dll+0x244ce5]
V  [jvm.dll+0x673a49]
V  [jvm.dll+0x66811a]
V  [jvm.dll+0x303ceb]
V  [jvm.dll+0x30b1e6]
V  [jvm.dll+0x35adbe]
V  [jvm.dll+0x35afef]
V  [jvm.dll+0x2dab88]
V  [jvm.dll+0x2dbaf4]
V  [jvm.dll+0x803121]
V  [jvm.dll+0x368bb1]
V  [jvm.dll+0x7e265c]
V  [jvm.dll+0x3eb17f]
V  [jvm.dll+0x3eccc1]
C  [jli.dll+0x5267]
C  [ucrtbase.dll+0x21bb2]
C  [KERNEL32.DLL+0x17614]
C  [ntdll.dll+0x526a1]


---------------  P R O C E S S  ---------------

Threads class SMR info:
_java_thread_list=0x00007ffac09a2f18, length=0, elements={
}

Java Threads: ( => current thread )

Other Threads:
  0x00000240dc95e820 GCTaskThread "GC Thread#0" [stack: 0x0000006db2800000,0x0000006db2900000] [id=6824]
  0x00000240dc96a6a0 ConcurrentGCThread "G1 Main Marker" [stack: 0x0000006db2900000,0x0000006db2a00000] [id=13984]
  0x00000240dc96b0b0 ConcurrentGCThread "G1 Conc#0" [stack: 0x0000006db2a00000,0x0000006db2b00000] [id=16624]

[error occurred during error reporting (printing all threads), id 0xc0000005, EXCEPTION_ACCESS_VIOLATION (0xc0000005) at pc=0x00007ffac017b617]

VM state: not at safepoint (not fully initialized)

VM Mutex/Monitor currently owned by a thread:  ([mutex/lock_event])
[0x00000240dc904f10] Heap_lock - owner thread: 0x00000240dc90abd0

Heap address: 0x0000000750c00000, size: 2804 MB, Compressed Oops mode: Zero based, Oop shift amount: 3

CDS archive(s) mapped at: [0x0000000000000000-0x0000000000000000-0x0000000000000000), size 0, SharedBaseAddress: 0x0000000800000000, ArchiveRelocationMode: 0.
Narrow klass base: 0x0000000000000000, Narrow klass shift: 0, Narrow klass range: 0x0

GC Precious Log:
<Empty>

Heap:
 garbage-first heap   total 0K, used 0K [0x0000000750c00000, 0x0000000800000000)
  region size 2048K, 0 young (0K), 0 survivors (0K)

[error occurred during error reporting (printing heap information), id 0xc0000005, EXCEPTION_ACCESS_VIOLATION (0xc0000005) at pc=0x00007ffac055fcb9]

GC Heap History (0 events):
No events

Dll operation events (1 events):
Event: 0.019 Loaded shared library C:\Users\majes\.p2\pool\plugins\org.eclipse.justj.openjdk.hotspot.jre.full.win32.x86_64_17.0.5.v20221102-0933\jre\bin\java.dll

Deoptimization events (0 events):
No events

Classes unloaded (0 events):
No events

Classes redefined (0 events):
No events

Internal exceptions (0 events):
No events

VM Operations (0 events):
No events

Events (0 events):
No events


Dynamic libraries:
0x00007ff7bd1b0000 - 0x00007ff7bd1be000 	C:\Users\majes\.p2\pool\plugins\org.eclipse.justj.openjdk.hotspot.jre.full.win32.x86_64_17.0.5.v20221102-0933\jre\bin\javaw.exe
0x00007ffb333f0000 - 0x00007ffb335e8000 	C:\WINDOWS\SYSTEM32\ntdll.dll
0x00007ffb31cb0000 - 0x00007ffb31d6f000 	C:\WINDOWS\System32\KERNEL32.DLL
0x00007ffb30d20000 - 0x00007ffb30ff2000 	C:\WINDOWS\System32\KERNELBASE.dll
0x00007ffb31330000 - 0x00007ffb31430000 	C:\WINDOWS\System32\ucrtbase.dll
0x00007ffb236f0000 - 0x00007ffb23707000 	C:\Users\majes\.p2\pool\plugins\org.eclipse.justj.openjdk.hotspot.jre.full.win32.x86_64_17.0.5.v20221102-0933\jre\bin\jli.dll
0x00007ffb31a50000 - 0x00007ffb31bf1000 	C:\WINDOWS\System32\USER32.dll
0x00007ffb30c60000 - 0x00007ffb30c82000 	C:\WINDOWS\System32\win32u.dll
0x00007ffb33380000 - 0x00007ffb333ab000 	C:\WINDOWS\System32\GDI32.dll
0x00007ffb30ae0000 - 0x00007ffb30bef000 	C:\WINDOWS\System32\gdi32full.dll
0x00007ffb31160000 - 0x00007ffb311fd000 	C:\WINDOWS\System32\msvcp_win.dll
0x00007ffb236d0000 - 0x00007ffb236e9000 	C:\Users\majes\.p2\pool\plugins\org.eclipse.justj.openjdk.hotspot.jre.full.win32.x86_64_17.0.5.v20221102-0933\jre\bin\VCRUNTIME140.dll
0x00007ffb20780000 - 0x00007ffb20a1a000 	C:\WINDOWS\WinSxS\amd64_microsoft.windows.common-controls_6595b64144ccf1df_6.0.19041.1110_none_60b5254171f9507e\COMCTL32.dll
0x00007ffb31c00000 - 0x00007ffb31c9e000 	C:\WINDOWS\System32\msvcrt.dll
0x00007ffb33340000 - 0x00007ffb33372000 	C:\WINDOWS\System32\IMM32.DLL
0x00007ffb2bd60000 - 0x00007ffb2bd6c000 	C:\Users\majes\.p2\pool\plugins\org.eclipse.justj.openjdk.hotspot.jre.full.win32.x86_64_17.0.5.v20221102-0933\jre\bin\vcruntime140_1.dll
0x00007ffaff520000 - 0x00007ffaff5b1000 	C:\Users\majes\.p2\pool\plugins\org.eclipse.justj.openjdk.hotspot.jre.full.win32.x86_64_17.0.5.v20221102-0933\jre\bin\msvcp140.dll
0x00007ffabfe90000 - 0x00007ffac0ad4000 	C:\Users\majes\.p2\pool\plugins\org.eclipse.justj.openjdk.hotspot.jre.full.win32.x86_64_17.0.5.v20221102-0933\jre\bin\server\jvm.dll
0x00007ffb31f20000 - 0x00007ffb31fce000 	C:\WINDOWS\System32\ADVAPI32.dll
0x00007ffb31fd0000 - 0x00007ffb3206c000 	C:\WINDOWS\System32\sechost.dll
0x00007ffb32f60000 - 0x00007ffb33085000 	C:\WINDOWS\System32\RPCRT4.dll
0x00007ffb08820000 - 0x00007ffb08829000 	C:\WINDOWS\SYSTEM32\WSOCK32.dll
0x00007ffb323e0000 - 0x00007ffb3244b000 	C:\WINDOWS\System32\WS2_32.dll
0x00007ffb1f9b0000 - 0x00007ffb1f9d7000 	C:\WINDOWS\SYSTEM32\WINMM.dll
0x00007ffb29840000 - 0x00007ffb2984a000 	C:\WINDOWS\SYSTEM32\VERSION.dll
0x00007ffb2e9a0000 - 0x00007ffb2e9b2000 	C:\WINDOWS\SYSTEM32\kernel.appcore.dll
0x00007ffb2c020000 - 0x00007ffb2c02a000 	C:\Users\majes\.p2\pool\plugins\org.eclipse.justj.openjdk.hotspot.jre.full.win32.x86_64_17.0.5.v20221102-0933\jre\bin\jimage.dll
0x00007ffb26790000 - 0x00007ffb26974000 	C:\WINDOWS\SYSTEM32\DBGHELP.DLL
0x00007ffb26bf0000 - 0x00007ffb26c25000 	C:\WINDOWS\SYSTEM32\dbgcore.DLL
0x00007ffb30c90000 - 0x00007ffb30d12000 	C:\WINDOWS\System32\bcryptPrimitives.dll
0x00007ffb23730000 - 0x00007ffb23755000 	C:\Users\majes\.p2\pool\plugins\org.eclipse.justj.openjdk.hotspot.jre.full.win32.x86_64_17.0.5.v20221102-0933\jre\bin\java.dll

dbghelp: loaded successfully - version: 4.0.5 - missing functions: none
symbol engine: initialized successfully - sym options: 0x614 - pdb path: .;C:\Users\majes\.p2\pool\plugins\org.eclipse.justj.openjdk.hotspot.jre.full.win32.x86_64_17.0.5.v20221102-0933\jre\bin;C:\WINDOWS\SYSTEM32;C:\WINDOWS\WinSxS\amd64_microsoft.windows.common-controls_6595b64144ccf1df_6.0.19041.1110_none_60b5254171f9507e;C:\Users\majes\.p2\pool\plugins\org.eclipse.justj.openjdk.hotspot.jre.full.win32.x86_64_17.0.5.v20221102-0933\jre\bin\server

VM Arguments:
jvm_args: -Dfile.encoding=UTF-8 -XX:+ShowCodeDetailsInExceptionMessages 
java_command: NiamAdivina
java_class_path (initial): C:\Users\majes\eclipse-workspace\AdivinaQuienTres\bin
Launcher Type: SUN_STANDARD

[Global flags]
     intx CICompilerCount                          = 4                                         {product} {ergonomic}
     uint ConcGCThreads                            = 2                                         {product} {ergonomic}
     uint G1ConcRefinementThreads                  = 8                                         {product} {ergonomic}
   size_t G1HeapRegionSize                         = 2097152                                   {product} {ergonomic}
    uintx GCDrainStackTargetSize                   = 64                                        {product} {ergonomic}
   size_t InitialHeapSize                          = 184549376                                 {product} {ergonomic}
   size_t MarkStackSize                            = 4194304                                   {product} {ergonomic}
   size_t MaxHeapSize                              = 2940207104                                {product} {ergonomic}
   size_t MinHeapDeltaBytes                        = 2097152                                   {product} {ergonomic}
   size_t MinHeapSize                              = 8388608                                   {product} {ergonomic}
    uintx NonNMethodCodeHeapSize                   = 5839372                                {pd product} {ergonomic}
    uintx NonProfiledCodeHeapSize                  = 122909434                              {pd product} {ergonomic}
    uintx ProfiledCodeHeapSize                     = 122909434                              {pd product} {ergonomic}
    uintx ReservedCodeCacheSize                    = 251658240                              {pd product} {ergonomic}
     bool SegmentedCodeCache                       = true                                      {product} {ergonomic}
     bool ShowCodeDetailsInExceptionMessages       = true                                   {manageable} {command line}
   size_t SoftMaxHeapSize                          = 2940207104                             {manageable} {ergonomic}
     bool UseCompressedClassPointers               = true                           {product lp64_product} {ergonomic}
     bool UseCompressedOops                        = true                           {product lp64_product} {ergonomic}
     bool UseG1GC                                  = true                                      {product} {ergonomic}
     bool UseLargePagesIndividualAllocation        = false                                  {pd product} {ergonomic}

Logging:
Log output configuration:
 #0: stdout all=warning uptime,level,tags
 #1: stderr all=off uptime,level,tags

Environment Variables:
PATH=C:/Users/majes/.p2/pool/plugins/org.eclipse.justj.openjdk.hotspot.jre.full.win32.x86_64_17.0.5.v20221102-0933/jre/bin/server;C:/Users/majes/.p2/pool/plugins/org.eclipse.justj.openjdk.hotspot.jre.full.win32.x86_64_17.0.5.v20221102-0933/jre/bin;C:\WINDOWS\system32;C:\WINDOWS;C:\WINDOWS\System32\Wbem;C:\WINDOWS\System32\WindowsPowerShell\v1.0\;C:\WINDOWS\System32\OpenSSH\;C:\Program Files\Intel\WiFi\bin\;C:\Program Files\Common Files\Intel\WirelessCommon\;C:\Program Files\MATLAB\R2020b\runtime\win64;C:\Program Files\MATLAB\R2020b\bin;C:\Program Files\Microsoft SQL Server\120\Tools\Binn\;C:\Users\majes\AppData\Local\Microsoft\WindowsApps;C:\Users\majes\AppData\Local\Programs\MiKTeX 2.9\miktex\bin\x64\;;C:\Users\majes\Desktop;
USERNAME=majes
OS=Windows_NT
PROCESSOR_IDENTIFIER=AMD64 Family 23 Model 17 Stepping 0, AuthenticAMD
TMP=C:\Users\majes\AppData\Local\Temp
TEMP=C:\Users\majes\AppData\Local\Temp



---------------  S Y S T E M  ---------------

OS:
 Windows 10 , 64 bit Build 19041 (10.0.19041.2546)
OS uptime: 19 days 20:59 hours

CPU: total 8 (initial active 8) (8 cores per cpu, 2 threads per core) family 23 model 17 stepping 0 microcode 0x0, cx8, cmov, fxsr, ht, mmx, 3dnowpref, sse, sse2, sse3, ssse3, sse4a, sse4.1, sse4.2, popcnt, lzcnt, tsc, tscinvbit, avx, avx2, aes, clmul, bmi1, bmi2, adx, sha, fma, vzeroupper, clflush, clflushopt

Memory: 4k page, system-wide physical 11213M (2639M free)
TotalPageFile size 29889M (AvailPageFile size 70M)
current process WorkingSet (physical memory assigned to process): 10M, peak: 10M
current process commit charge ("private bytes"): 59M, peak: 235M

vm_info: OpenJDK 64-Bit Server VM (17.0.5+8) for windows-amd64 JRE (17.0.5+8), built on Oct 19 2022 04:48:13 by "temurin" with MS VC++ 16.7 (VS2019)

END.
